mode: atomic
github.com/SangTran-127/quacker/fanin/fanin.go:77.57,80.27 2 9
github.com/SangTran-127/quacker/fanin/fanin.go:80.27,82.3 1 5
github.com/SangTran-127/quacker/fanin/fanin.go:84.2,84.24 1 9
github.com/SangTran-127/quacker/fanin/fanin.go:84.24,86.3 1 1
github.com/SangTran-127/quacker/fanin/fanin.go:88.2,90.8 1 8
github.com/SangTran-127/quacker/fanin/fanin.go:98.38,99.30 1 2
github.com/SangTran-127/quacker/fanin/fanin.go:99.30,101.3 1 2
github.com/SangTran-127/quacker/fanin/fanin.go:109.50,110.30 1 2
github.com/SangTran-127/quacker/fanin/fanin.go:110.30,112.3 1 2
github.com/SangTran-127/quacker/fanin/fanin.go:122.37,123.22 1 152
github.com/SangTran-127/quacker/fanin/fanin.go:123.22,124.43 1 1
github.com/SangTran-127/quacker/fanin/fanin.go:127.2,132.27 4 151
github.com/SangTran-127/quacker/fanin/fanin.go:132.27,134.3 1 10
github.com/SangTran-127/quacker/fanin/fanin.go:149.54,150.44 1 7
github.com/SangTran-127/quacker/fanin/fanin.go:150.44,151.46 1 1
github.com/SangTran-127/quacker/fanin/fanin.go:154.2,167.28 7 6
github.com/SangTran-127/quacker/fanin/fanin.go:167.28,168.16 1 141
github.com/SangTran-127/quacker/fanin/fanin.go:168.16,169.8 1 141
github.com/SangTran-127/quacker/fanin/fanin.go:169.8,170.12 1 275
github.com/SangTran-127/quacker/fanin/fanin.go:171.24,172.13 1 275
github.com/SangTran-127/quacker/fanin/fanin.go:172.13,173.32 1 132
github.com/SangTran-127/quacker/fanin/fanin.go:173.32,175.8 1 10
github.com/SangTran-127/quacker/fanin/fanin.go:176.7,176.13 1 132
github.com/SangTran-127/quacker/fanin/fanin.go:178.6,178.13 1 143
github.com/SangTran-127/quacker/fanin/fanin.go:183.20,183.20 0 134
github.com/SangTran-127/quacker/fanin/fanin.go:184.24,185.13 1 9
github.com/SangTran-127/quacker/fanin/fanin.go:188.23,189.12 1 0
github.com/SangTran-127/quacker/fanin/fanin.go:197.2,197.12 1 6
github.com/SangTran-127/quacker/fanin/fanin.go:197.12,201.3 3 6
github.com/SangTran-127/quacker/fanin/fanin.go:203.2,203.12 1 6
github.com/SangTran-127/quacker/fanin/fanin.go:219.43,223.2 3 4
github.com/SangTran-127/quacker/fanout/fanout.go:71.59,78.27 2 1
github.com/SangTran-127/quacker/fanout/fanout.go:78.27,80.3 1 1
github.com/SangTran-127/quacker/fanout/fanout.go:82.2,82.24 1 1
github.com/SangTran-127/quacker/fanout/fanout.go:82.24,84.3 1 0
github.com/SangTran-127/quacker/fanout/fanout.go:86.2,86.24 1 1
github.com/SangTran-127/quacker/fanout/fanout.go:86.24,88.3 1 0
github.com/SangTran-127/quacker/fanout/fanout.go:90.2,92.25 2 1
github.com/SangTran-127/quacker/fanout/fanout.go:92.25,94.3 1 10
github.com/SangTran-127/quacker/fanout/fanout.go:96.2,99.8 1 1
github.com/SangTran-127/quacker/fanout/fanout.go:105.62,106.44 1 1
github.com/SangTran-127/quacker/fanout/fanout.go:106.44,107.47 1 0
github.com/SangTran-127/quacker/fanout/fanout.go:110.2,110.12 1 1
github.com/SangTran-127/quacker/fanout/fanout.go:110.12,114.7 4 1
github.com/SangTran-127/quacker/fanout/fanout.go:114.7,115.11 1 11
github.com/SangTran-127/quacker/fanout/fanout.go:116.30,117.12 1 11
github.com/SangTran-127/quacker/fanout/fanout.go:117.12,119.6 1 1
github.com/SangTran-127/quacker/fanout/fanout.go:120.5,120.27 1 10
github.com/SangTran-127/quacker/fanout/fanout.go:121.21,122.36 1 0
github.com/SangTran-127/quacker/fanout/fanout.go:124.20,125.29 1 10
github.com/SangTran-127/quacker/fanout/fanout.go:128.22,129.11 1 0
github.com/SangTran-127/quacker/fanout/fanout.go:136.42,140.31 2 1
github.com/SangTran-127/quacker/fanout/fanout.go:140.31,142.3 1 10
github.com/SangTran-127/quacker/fanout/fanout.go:143.2,143.16 1 1
github.com/SangTran-127/quacker/fanout/fanout.go:146.74,147.9 1 0
github.com/SangTran-127/quacker/fanout/fanout.go:148.51,150.28 2 0
github.com/SangTran-127/quacker/fanout/fanout.go:150.28,152.4 1 0
github.com/SangTran-127/quacker/fanout/fanout.go:153.20,154.9 1 0
github.com/SangTran-127/quacker/fanout/fanout.go:158.61,160.31 2 10
github.com/SangTran-127/quacker/fanout/fanout.go:160.31,162.16 1 100
github.com/SangTran-127/quacker/fanout/fanout.go:162.16,163.11 1 100
github.com/SangTran-127/quacker/fanout/fanout.go:164.21,165.30 1 100
github.com/SangTran-127/quacker/fanout/fanout.go:165.30,167.6 1 0
github.com/SangTran-127/quacker/fanout/fanout.go:168.22,169.11 1 0
github.com/SangTran-127/quacker/fanout/fanout.go:174.2,174.11 1 10
github.com/SangTran-127/quacker/fanout/fanout.go:177.38,178.31 1 1
github.com/SangTran-127/quacker/fanout/fanout.go:178.31,180.3 1 10
github.com/SangTran-127/quacker/fanout/fanout.go:182.2,182.27 1 1
github.com/SangTran-127/quacker/fanout/fanout.go:182.27,184.3 1 0
github.com/SangTran-127/quacker/fanout/fanout.go:187.32,188.33 1 0
github.com/SangTran-127/quacker/fanout/fanout.go:188.33,190.3 1 0
github.com/SangTran-127/quacker/fanout/fanout.go:193.38,194.33 1 0
github.com/SangTran-127/quacker/fanout/fanout.go:194.33,196.3 1 0
github.com/SangTran-127/quacker/fanout/fanout.go:199.51,200.33 1 0
github.com/SangTran-127/quacker/fanout/fanout.go:200.33,202.3 1 0
github.com/SangTran-127/quacker/fanout/fanout.go:205.51,206.33 1 0
github.com/SangTran-127/quacker/fanout/fanout.go:206.33,208.3 1 0
github.com/SangTran-127/quacker/workerpool/workerpool.go:74.102,75.22 1 10
github.com/SangTran-127/quacker/workerpool/workerpool.go:75.22,77.3 1 2
github.com/SangTran-127/quacker/workerpool/workerpool.go:79.2,79.24 1 8
github.com/SangTran-127/quacker/workerpool/workerpool.go:79.24,81.3 1 1
github.com/SangTran-127/quacker/workerpool/workerpool.go:83.2,95.8 2 7
github.com/SangTran-127/quacker/workerpool/workerpool.go:102.39,104.36 1 5
github.com/SangTran-127/quacker/workerpool/workerpool.go:104.36,106.30 2 17
github.com/SangTran-127/quacker/workerpool/workerpool.go:106.30,108.4 1 17
github.com/SangTran-127/quacker/workerpool/workerpool.go:110.2,113.12 4 5
github.com/SangTran-127/quacker/workerpool/workerpool.go:121.44,122.9 1 152
github.com/SangTran-127/quacker/workerpool/workerpool.go:123.27,124.13 1 62
github.com/SangTran-127/quacker/workerpool/workerpool.go:125.22,126.21 1 89
github.com/SangTran-127/quacker/workerpool/workerpool.go:127.10,128.42 1 1
github.com/SangTran-127/quacker/workerpool/workerpool.go:135.32,137.2 1 1
github.com/SangTran-127/quacker/workerpool/workerpool.go:143.38,145.2 1 1
github.com/SangTran-127/quacker/workerpool/workerpool.go:147.45,150.2 2 4
github.com/SangTran-127/quacker/workerpool/workerpool.go:156.54,168.2 5 1000
github.com/SangTran-127/quacker/workerpool/workerpool.go:174.52,175.6 1 17
github.com/SangTran-127/quacker/workerpool/workerpool.go:175.6,176.10 1 59
github.com/SangTran-127/quacker/workerpool/workerpool.go:177.34,178.11 1 57
github.com/SangTran-127/quacker/workerpool/workerpool.go:178.11,180.5 1 15
github.com/SangTran-127/quacker/workerpool/workerpool.go:181.4,181.33 1 42
github.com/SangTran-127/quacker/workerpool/workerpool.go:182.23,183.22 1 2
github.com/SangTran-127/quacker/workerpool/workerpool.go:193.59,195.15 2 42
github.com/SangTran-127/quacker/workerpool/workerpool.go:195.15,196.31 1 42
github.com/SangTran-127/quacker/workerpool/workerpool.go:196.31,198.29 2 1
github.com/SangTran-127/quacker/workerpool/workerpool.go:198.29,200.5 1 1
github.com/SangTran-127/quacker/workerpool/workerpool.go:204.2,204.44 1 42
github.com/SangTran-127/quacker/workerpool/workerpool.go:204.44,206.26 2 1
github.com/SangTran-127/quacker/workerpool/workerpool.go:206.26,208.4 1 1
github.com/SangTran-127/quacker/workerpool/workerpool.go:209.3,209.9 1 1
github.com/SangTran-127/quacker/workerpool/workerpool.go:212.2,212.33 1 40
github.com/SangTran-127/quacker/workerpool/workerpool.go:217.62,221.2 3 40
github.com/SangTran-127/quacker/workerpool/workerpool.go:225.44,229.2 3 2
